<?xml version="1.0" encoding="UTF-8"?>
<!-- Generated by org.testng.reporters.JUnitXMLReporter -->
<testsuite ignored="0" hostname="LAPTOP-B0QUMA6O" failures="1" tests="2" name="shoppingtest" time="13.693" errors="0" timestamp="2024-07-24T10:21:40 IST">
  <testcase classname="org.product.com.ShoppingAppTesting" name="ShoppingApplication" time="2.382">
    <failure type="java.lang.NullPointerException" message="Cannot invoke &amp;quot;org.openqa.selenium.WebElement.findElement(org.openqa.selenium.By)&amp;quot; because the return value of &amp;quot;org.product.com.AddItemToCart.productSelection(String)&amp;quot; is null">
      <![CDATA[java.lang.NullPointerException: Cannot invoke "org.openqa.selenium.WebElement.findElement(org.openqa.selenium.By)" because the return value of "org.product.com.AddItemToCart.productSelection(String)" is null
at org.product.com.AddItemToCart.addToCart(AddItemToCart.java:49)
at org.product.com.ShoppingAppTesting.ShoppingApplication(ShoppingAppTesting.java:34)
at java.base/java.util.ArrayList.forEach(ArrayList.java:1596)
... Removed 25 stack frames]]>
    </failure>
  </testcase> <!-- ShoppingApplication -->
  <testcase classname="org.product.com.ShoppingAppTesting" name="ShoppingApplication" time="6.569"/>
</testsuite> <!-- shoppingtest -->
