<?xml version="1.0" encoding="UTF-8"?>
<testng-results ignored="0" total="3" passed="2" failed="1" skipped="0">
  <reporter-output>
  </reporter-output>
  <suite started-at="2024-07-24T11:07:55 IST" name="Suite" finished-at="2024-07-24T11:08:21 IST" duration-ms="25952">
    <groups>
      <group name="errorValidations">
        <method signature="ErrorValidation.loginErrorTest()[pri:0, instance:org.product.com.ErrorValidation@49b2a47d]" name="loginErrorTest" class="org.product.com.ErrorValidation"/>
      </group> <!-- errorValidations -->
      <group name="functuional">
        <method signature="ShoppingAppTesting.ShoppingApplication(java.util.HashMap)[pri:0, instance:org.product.com.ShoppingAppTesting@4b8729ff]" name="ShoppingApplication" class="org.product.com.ShoppingAppTesting"/>
      </group> <!-- functuional -->
    </groups>
    <test started-at="2024-07-24T11:07:55 IST" name="Test" finished-at="2024-07-24T11:08:21 IST" duration-ms="25952">
      <class name="org.product.com.ErrorValidation">
        <test-method is-config="true" signature="launchApplication()[pri:0, instance:org.product.com.ErrorValidation@49b2a47d]" started-at="2024-07-24T11:07:55 IST" name="launchApplication" finished-at="2024-07-24T11:08:00 IST" duration-ms="4887" status="PASS">
          <reporter-output>
          </reporter-output>
        </test-method> <!-- launchApplication -->
        <test-method signature="loginErrorTest()[pri:0, instance:org.product.com.ErrorValidation@49b2a47d]" started-at="2024-07-24T11:08:00 IST" name="loginErrorTest" finished-at="2024-07-24T11:08:03 IST" duration-ms="2910" status="PASS">
          <reporter-output>
          </reporter-output>
        </test-method> <!-- loginErrorTest -->
        <test-method is-config="true" signature="applicationClose()[pri:0, instance:org.product.com.ErrorValidation@49b2a47d]" started-at="2024-07-24T11:08:03 IST" name="applicationClose" finished-at="2024-07-24T11:08:03 IST" duration-ms="192" status="PASS">
          <reporter-output>
          </reporter-output>
        </test-method> <!-- applicationClose -->
      </class> <!-- org.product.com.ErrorValidation -->
      <class name="org.product.com.ShoppingAppTesting">
        <test-method is-config="true" signature="launchApplication()[pri:0, instance:org.product.com.ShoppingAppTesting@4b8729ff]" started-at="2024-07-24T11:08:04 IST" name="launchApplication" finished-at="2024-07-24T11:08:08 IST" duration-ms="4117" status="PASS">
          <reporter-output>
          </reporter-output>
        </test-method> <!-- launchApplication -->
        <test-method signature="ShoppingApplication(java.util.HashMap)[pri:0, instance:org.product.com.ShoppingAppTesting@4b8729ff]" started-at="2024-07-24T11:08:08 IST" name="ShoppingApplication" data-provider="data2" finished-at="2024-07-24T11:08:10 IST" duration-ms="2345" status="FAIL">
          <params>
            <param index="0">
              <value>
                <![CDATA[{pass=Chakri@123, email=chakri123@gmail}]]>
              </value>
            </param>
          </params>
          <exception class="java.lang.NullPointerException">
            <message>
              <![CDATA[Cannot invoke "org.openqa.selenium.WebElement.findElement(org.openqa.selenium.By)" because the return value of "org.product.com.AddItemToCart.productSelection(String)" is null]]>
            </message>
            <full-stacktrace>
              <![CDATA[java.lang.NullPointerException: Cannot invoke "org.openqa.selenium.WebElement.findElement(org.openqa.selenium.By)" because the return value of "org.product.com.AddItemToCart.productSelection(String)" is null
at org.product.com.AddItemToCart.addToCart(AddItemToCart.java:49)
at org.product.com.ShoppingAppTesting.ShoppingApplication(ShoppingAppTesting.java:34)
at java.base/jdk.internal.reflect.DirectMethodHandleAccessor.invoke(DirectMethodHandleAccessor.java:103)
at java.base/java.lang.reflect.Method.invoke(Method.java:580)
at org.testng.internal.invokers.MethodInvocationHelper.invokeMethod(MethodInvocationHelper.java:141)
at org.testng.internal.invokers.TestInvoker.invokeMethod(TestInvoker.java:686)
at org.testng.internal.invokers.TestInvoker.invokeTestMethod(TestInvoker.java:230)
at org.testng.internal.invokers.MethodRunner.runInSequence(MethodRunner.java:63)
at org.testng.internal.invokers.TestInvoker$MethodInvocationAgent.invoke(TestInvoker.java:992)
at org.testng.internal.invokers.TestInvoker.invokeTestMethods(TestInvoker.java:203)
at org.testng.internal.invokers.TestMethodWorker.invokeTestMethods(TestMethodWorker.java:154)
at org.testng.internal.invokers.TestMethodWorker.run(TestMethodWorker.java:134)
at java.base/java.util.ArrayList.forEach(ArrayList.java:1596)
at org.testng.TestRunner.privateRun(TestRunner.java:739)
at org.testng.TestRunner.run(TestRunner.java:614)
at org.testng.SuiteRunner.runTest(SuiteRunner.java:421)
at org.testng.SuiteRunner.runSequentially(SuiteRunner.java:413)
at org.testng.SuiteRunner.privateRun(SuiteRunner.java:373)
at org.testng.SuiteRunner.run(SuiteRunner.java:312)
at org.testng.SuiteRunnerWorker.runSuite(SuiteRunnerWorker.java:52)
at org.testng.SuiteRunnerWorker.run(SuiteRunnerWorker.java:95)
at org.testng.TestNG.runSuitesSequentially(TestNG.java:1274)
at org.testng.TestNG.runSuitesLocally(TestNG.java:1208)
at org.testng.TestNG.runSuites(TestNG.java:1112)
at org.testng.TestNG.run(TestNG.java:1079)
at org.testng.remote.AbstractRemoteTestNG.run(AbstractRemoteTestNG.java:115)
at org.testng.remote.RemoteTestNG.initAndRun(RemoteTestNG.java:293)
at org.testng.remote.RemoteTestNG.main(RemoteTestNG.java:91)
]]>
            </full-stacktrace>
          </exception> <!-- java.lang.NullPointerException -->
          <reporter-output>
          </reporter-output>
        </test-method> <!-- ShoppingApplication -->
        <test-method is-config="true" signature="applicationClose()[pri:0, instance:org.product.com.ShoppingAppTesting@4b8729ff]" started-at="2024-07-24T11:08:10 IST" name="applicationClose" finished-at="2024-07-24T11:08:11 IST" duration-ms="220" status="PASS">
          <reporter-output>
          </reporter-output>
        </test-method> <!-- applicationClose -->
        <test-method is-config="true" signature="launchApplication()[pri:0, instance:org.product.com.ShoppingAppTesting@4b8729ff]" started-at="2024-07-24T11:08:11 IST" name="launchApplication" finished-at="2024-07-24T11:08:14 IST" duration-ms="3482" status="PASS">
          <reporter-output>
          </reporter-output>
        </test-method> <!-- launchApplication -->
        <test-method signature="ShoppingApplication(java.util.HashMap)[pri:0, instance:org.product.com.ShoppingAppTesting@4b8729ff]" started-at="2024-07-24T11:08:14 IST" name="ShoppingApplication" data-provider="data2" finished-at="2024-07-24T11:08:21 IST" duration-ms="6962" status="PASS">
          <params>
            <param index="0">
              <value>
                <![CDATA[{pass=Chakri@123, email=chakri123@gmail.com}]]>
              </value>
            </param>
          </params>
          <reporter-output>
          </reporter-output>
        </test-method> <!-- ShoppingApplication -->
        <test-method is-config="true" signature="applicationClose()[pri:0, instance:org.product.com.ShoppingAppTesting@4b8729ff]" started-at="2024-07-24T11:08:21 IST" name="applicationClose" finished-at="2024-07-24T11:08:21 IST" duration-ms="116" status="PASS">
          <reporter-output>
          </reporter-output>
        </test-method> <!-- applicationClose -->
      </class> <!-- org.product.com.ShoppingAppTesting -->
    </test> <!-- Test -->
  </suite> <!-- Suite -->
</testng-results>
